
 line       object           ucode  source program

   1    (35    2    2)     main       fun  2 2 2
   2    (38    2    1)                sym  2 1 1
   3    (38    2    2)                sym  2 2 1
   4    (23          )                ldp
   5    (21    2    1)                lda  2 1
   6    (29   -1     )                call  read    //read(n)
   7    (23          )                ldp
   8    (19    2    1)                lod  2 1
   9    (29   -2     )                call  write     //write(n)
  10    (23          )                ldp
  11    (19    2    1)                lod  2 1
  12    (29   19     )                call  factorial
  13    (24    2    2)                str  2 2
  14    (23          )                ldp
  15    (19    2    2)                lod  2 2
  16    (29   -2     )                call  write
  17    (30          )                ret
  18    (36          )                end
  19    (35    2    2)     factorial  fun  2 2 2
  20    (38    2    1)                sym  2 1 1
  21    (38    2    2)                sym  2 2 1
  22    (19    2    1)                lod  2 1
  23    (20    1     )                ldc  1
  24    (17          )                eq
  25    (28   29     )                fjp  $$1
  26    (20    1     )                ldc  1
  27    (31          )                retv 
  28    (36          )                end
  29    (34          )     $$1        nop
  30    (19    2    1)                lod  2 1
  31    (20    1     )                ldc  1
  32    ( 7          )                sub
  33    (24    2    2)                str  2 2
  34    (23          )                ldp
  35    (19    2    2)                lod  2 2
  36    (29   19     )                call  factorial
  37    (24    2    2)                str  2 2
  38    (19    2    1)                lod  2 1
  39    (19    2    2)                lod  2 2
  40    ( 8          )                mult
  41    (24    2    2)                str  2 2
  42    (19    2    2)                lod  2 2
  43    (31          )                retv
  44    (36          )                end
  45    (37    0     )                bgn  0
  46    (23          )                ldp
  47    (29    1     )                call main
  48    (36          )                end                         


   ****    Result    ****

 5 120


             ##### Statistics #####


    ****  Static Instruction Counts  ****

sub    =  1       mult   =  1       eq     =  1       lod    =  9       
ldc    =  3       lda    =  1       ldp    =  6       str    =  4       
fjp    =  1       call   =  6       ret    =  1       retv   =  2       
nop    =  1       fun    =  2       end    =  4       bgn    =  1       
sym    =  4       

    ****  Dynamic instruction counts  ****

sub    =  4         mult   =  4         eq     =  5         lod    =  28        
ldc    =  10        lda    =  1         ldp    =  9         str    =  13        
fjp    =  5         call   =  9         ret    =  1         retv   =  5         
nop    =  4         fun    =  6         end    =  1         bgn    =  1         
sym    =  12        

 Executable instruction count  =   100

 Total execution cycle         =   1370
