
 line       object           ucode  source program

   1    (38    1    1)                sym  1 1 1
   2    (38    1    2)                sym  1 2 1
   3    (38    1    3)                sym  1 3 1
   4    (38    1    4)                sym  1 4 1
   5    (38    1    5)                sym  1 5 1
   6    (37    5     )                bgn  5
   7    (20    2     )                ldc  2
   8    (24    1    1)                str  1 1
   9    (34          )     $$1        nop
  10    (19    1    1)                lod  1 1
  11    (20  500     )                ldc  500
  12    (16          )                le  
  13    (28   59     )                fjp  $$2
  14    (20    0     )                ldc  0
  15    (24    1    5)                str  1 5
  16    (19    1    1)                lod  1 1
  17    (20    2     )                ldc  2
  18    ( 9          )                div  
  19    (24    1    3)                str  1 3
  20    (20    1     )                ldc  1
  21    (24    1    2)                str  1 2
  22    (34          )     $$3        nop
  23    (19    1    2)                lod  1 2
  24    (19    1    3)                lod  1 3
  25    (16          )                le
  26    (28   45     )                fjp  $$4
  27    (19    1    1)                lod  1 1
  28    (19    1    2)                lod  1 2
  29    (10          )                mod
  30    (24    1    4)                str  1 4
  31    (19    1    4)                lod  1 4
  32    (20    0     )                ldc  0
  33    (17          )                eq
  34    (28   39     )                fjp  $$5
  35    (19    1    5)                lod  1 5 
  36    (19    1    2)                lod  1 2
  37    ( 6          )                add  
  38    (24    1    5)                str  1 5
  39    (34          )     $$5        nop
  40    (19    1    2)                lod  1 2
  41    (20    1     )                ldc  1
  42    ( 6          )                add
  43    (24    1    2)                str  1 2
  44    (26   22     )                ujp  $$3
  45    (34          )     $$4        nop
  46    (19    1    1)                lod  1 1
  47    (19    1    5)                lod  1 5
  48    (17          )                eq
  49    (28   53     )                fjp  $$6
  50    (23          )                ldp
  51    (19    1    1)                lod  1 1
  52    (29   -2     )                call  write
  53    (34          )     $$6        nop
  54    (19    1    1)                lod  1 1
  55    (20    1     )                ldc  1
  56    ( 6          )                add
  57    (24    1    1)                str  1 1
  58    (26    9     )                ujp  $$1
  59    (34          )     $$2        nop
  60    (36          )                end


   ****    Result    ****

 6 28 496


             ##### Statistics #####


    ****  Static Instruction Counts  ****

add    =  3       div    =  1       mod    =  1       le     =  2       
eq     =  2       lod    =  14      ldc    =  8       ldp    =  1       
str    =  8       ujp    =  2       fjp    =  4       call   =  1       
nop    =  6       end    =  1       bgn    =  1       sym    =  5       


    ****  Dynamic instruction counts  ****

add    =  65689     div    =  499       mod    =  62500     le     =  63499     
eq     =  62999     lod    =  383877    ldc    =  127497    ldp    =  3         
str    =  129687    ujp    =  62999     fjp    =  126498    call   =  3         
nop    =  126998    end    =  1         bgn    =  1         

 Executable instruction count  =   1085750

 Total execution cycle         =   14587145
