
 line       object           ucode  source program

   1    (38    1    1)                sym  1 1 1
   2    (38    1    2)                sym  1 2 1
   3    (38    1    3)                sym  1 3 1
   4    (38    1    4)                sym  1 4 1
   5    (38    1    5)                sym  1 5 1
   6    (37    5     )                bgn  5
   7    (20    2     )                ldc  2
   8    (24    1    1)                str  1 1
   9    (34          )     $$1        nop
  10    (19    1    1)                lod  1 1
  11    (20  100     )                ldc  100
  12    (16          )                le  
  13    (28   57     )                fjp  $$2
  14    (20    1     )                ldc  1
  15    (24    1    5)                str  1 5
  16    (19    1    1)                lod  1 1
  17    (20    2     )                ldc  2
  18    ( 9          )                div  
  19    (24    1    3)                str  1 3
  20    (20    2     )                ldc  2
  21    (24    1    2)                str  1 2
  22    (34          )     $$3        nop
  23    (19    1    2)                lod  1 2
  24    (19    1    3)                lod  1 3
  25    (16          )                le
  26    (28   43     )                fjp  $$4
  27    (19    1    1)                lod  1 1
  28    (19    1    2)                lod  1 2
  29    (10          )                mod
  30    (24    1    4)                str  1 4
  31    (19    1    4)                lod  1 4
  32    (20    0     )                ldc  0
  33    (17          )                eq
  34    (28   37     )                fjp  $$5
  35    (20    0     )                ldc  0
  36    (24    1    5)                str  1 5
  37    (34          )     $$5        nop
  38    (19    1    2)                lod  1 2
  39    (20    1     )                ldc  1
  40    ( 6          )                add
  41    (24    1    2)                str  1 2
  42    (26   22     )                ujp  $$3
  43    (34          )     $$4        nop
  44    (19    1    5)                lod  1 5
  45    (20    0     )                ldc  0
  46    (18          )                ne
  47    (28   51     )                fjp  $$6
  48    (23          )                ldp
  49    (19    1    1)                lod  1 1
  50    (29   -2     )                call  write
  51    (34          )     $$6        nop
  52    (19    1    1)                lod  1 1
  53    (20    1     )                ldc  1
  54    ( 6          )                add
  55    (24    1    1)                str  1 1
  56    (26    9     )                ujp  $$1
  57    (34          )     $$2        nop
  58    (36          )                end


   ****    Result    ****

 2 3 5 7 11 13 17 19 23 29 31 37 41 43 47 53 59 61 67 71 73 79 83 89 97


             ##### Statistics #####


    ****  Static Instruction Counts  ****

add    =  2       div    =  1       mod    =  1       le     =  2       
eq     =  1       ne     =  1       lod    =  11      ldc    =  10      
ldp    =  1       str    =  8       ujp    =  2       fjp    =  4       
call   =  1       nop    =  6       end    =  1       bgn    =  1       
sym    =  5       

    ****  Dynamic instruction counts  ****

add    =  2500      div    =  99        mod    =  2401      le     =  2600      
eq     =  2401      ne     =  99        lod    =  15026     ldc    =  5681      
ldp    =  25        str    =  5482      ujp    =  2500      fjp    =  5100      
call   =  25        nop    =  5200      end    =  1         bgn    =  1         


 Executable instruction count  =   43939

 Total execution cycle         =   584945
