
 line       object           ucode  source program

   1    (38    1    1)                sym  1 1 1
   2    (38    1    2)                sym  1 2 1
   3    (37    2     )                bgn  2
   4    (20    0     )                ldc  0
   5    (24    1    1)                str  1 1
   6    (24    1    1)     loop nop
   7    (19    1    1)                lod  1 1
   8    (20    3     )                ldc  3
   9    (10          )                mod
  10    (20    0     )                ldc  0
  11    (17          )                eq
  12    (28   14     )                fjp  next
  13    (29   -3     )                call  lf
  14    (23          )     next       ldp  1 2
  15    (29   -1     )                call  read
  16    (19    1    2)                lod  1 2
  17    (20    0     )                ldc  0
  18    (17          )                eq
  19    (27   27     )                tjp  exit
  20    (23          )                ldp  
  21    (19    1    2)                lod  1 2
  22    (29   -2 